<?xml version="1.0" encoding="UTF-8"?>
<testng-results ignored="0" total="2" passed="2" failed="0" skipped="0">
  <reporter-output>
  </reporter-output>
  <suite started-at="2022-06-25T10:51:05 CDT" name="Default suite" finished-at="2022-06-25T10:51:16 CDT" duration-ms="10911">
    <groups>
    </groups>
    <test started-at="2022-06-25T10:51:05 CDT" name="Default test" finished-at="2022-06-25T10:51:16 CDT" duration-ms="10911">
      <class name="variousConcepts.LearnTestNG">
        <test-method is-config="true" signature="readConfig()[pri:0, instance:variousConcepts.LearnTestNG@4d5b6aac]" started-at="2022-06-25T10:51:05 CDT" name="readConfig" finished-at="2022-06-25T10:51:05 CDT" duration-ms="4" status="PASS">
          <reporter-output>
          </reporter-output>
        </test-method> <!-- readConfig -->
        <test-method is-config="true" signature="init()[pri:0, instance:variousConcepts.LearnTestNG@4d5b6aac]" started-at="2022-06-25T10:51:05 CDT" name="init" finished-at="2022-06-25T10:51:07 CDT" duration-ms="1906" status="PASS">
          <reporter-output>
          </reporter-output>
        </test-method> <!-- init -->
        <test-method signature="loginTest()[pri:1, instance:variousConcepts.LearnTestNG@4d5b6aac]" started-at="2022-06-25T10:51:07 CDT" name="loginTest" finished-at="2022-06-25T10:51:08 CDT" duration-ms="917" status="PASS">
          <reporter-output>
          </reporter-output>
        </test-method> <!-- loginTest -->
        <test-method is-config="true" signature="tearDown()[pri:0, instance:variousConcepts.LearnTestNG@4d5b6aac]" started-at="2022-06-25T10:51:08 CDT" name="tearDown" finished-at="2022-06-25T10:51:08 CDT" duration-ms="0" status="PASS">
          <reporter-output>
          </reporter-output>
        </test-method> <!-- tearDown -->
        <test-method is-config="true" signature="init()[pri:0, instance:variousConcepts.LearnTestNG@4d5b6aac]" started-at="2022-06-25T10:51:08 CDT" name="init" finished-at="2022-06-25T10:51:09 CDT" duration-ms="1467" status="PASS">
          <reporter-output>
          </reporter-output>
        </test-method> <!-- init -->
        <test-method signature="addCustomer()[pri:2, instance:variousConcepts.LearnTestNG@4d5b6aac]" started-at="2022-06-25T10:51:09 CDT" name="addCustomer" finished-at="2022-06-25T10:51:16 CDT" duration-ms="6593" status="PASS">
          <reporter-output>
          </reporter-output>
        </test-method> <!-- addCustomer -->
        <test-method is-config="true" signature="tearDown()[pri:0, instance:variousConcepts.LearnTestNG@4d5b6aac]" started-at="2022-06-25T10:51:16 CDT" name="tearDown" finished-at="2022-06-25T10:51:16 CDT" duration-ms="0" status="PASS">
          <reporter-output>
          </reporter-output>
        </test-method> <!-- tearDown -->
      </class> <!-- variousConcepts.LearnTestNG -->
    </test> <!-- Default test -->
  </suite> <!-- Default suite -->
</testng-results>
